Nuclear repulsion energy = 8.00236706181045

Overlap Integrals:
     
           1           2           3           4           5           6           7
    1   1.0000000   0.2367039  -0.0000000  -0.0000000  -0.0000000   0.0384056   0.0384056
    2   0.2367039   1.0000000   0.0000000  -0.0000000   0.0000000   0.3861388   0.3861388
    3  -0.0000000   0.0000000   1.0000000  -0.0000000   0.0000000   0.2684382  -0.2684382
    4  -0.0000000  -0.0000000  -0.0000000   1.0000000  -0.0000000   0.2097269   0.2097269
    5  -0.0000000   0.0000000   0.0000000  -0.0000000   1.0000000  -0.0000000  -0.0000000
    6   0.0384056   0.3861388   0.2684382   0.2097269  -0.0000000   1.0000000   0.1817599
    7   0.0384056   0.3861388  -0.2684382   0.2097269  -0.0000000   0.1817599   1.0000000

Kinetic-Energy Integrals:
     
           1           2           3           4           5           6           7
    1  29.0031999  -0.1680109   0.0000000   0.0000000  -0.0000000  -0.0084164  -0.0084164
    2  -0.1680109   0.8081280   0.0000000  -0.0000000   0.0000000   0.0705174   0.0705174
    3   0.0000000   0.0000000   2.5287312  -0.0000000   0.0000000   0.1470909  -0.1470909
    4   0.0000000  -0.0000000  -0.0000000   2.5287312  -0.0000000   0.1149200   0.1149200
    5  -0.0000000   0.0000000   0.0000000  -0.0000000   2.5287312  -0.0000000  -0.0000000
    6  -0.0084164   0.0705174   0.1470909   0.1149200  -0.0000000   0.7600319  -0.0039799
    7  -0.0084164   0.0705174  -0.1470909   0.1149200  -0.0000000  -0.0039799   0.7600319

Nuclear Attraction Integrals:
     
           1           2           3           4           5           6           7
    1 -61.5805954  -7.4108219   0.0000000  -0.0144738   0.0000000  -1.2316859  -1.2316859
    2  -7.4108219 -10.0090712   0.0000000  -0.1768902   0.0000000  -2.9772272  -2.9772272
    3   0.0000000   0.0000000  -9.9875505   0.0000000  -0.0000000  -1.8222411   1.8222411
    4  -0.0144738  -0.1768902   0.0000000  -9.9440430   0.0000000  -1.4717883  -1.4717883
    5   0.0000000   0.0000000  -0.0000000   0.0000000  -9.8758761   0.0000000   0.0000000
    6  -1.2316859  -2.9772272  -1.8222411  -1.4717883   0.0000000  -5.3002030  -1.0671660
    7  -1.2316859  -2.9772272   1.8222411  -1.4717883   0.0000000  -1.0671660  -5.3002030

Core Hamiltonian:
     
           1           2           3           4           5           6           7
    1 -32.5773954  -7.5788328   0.0000000  -0.0144738   0.0000000  -1.2401023  -1.2401023
    2  -7.5788328  -9.2009433   0.0000000  -0.1768902   0.0000000  -2.9067098  -2.9067098
    3   0.0000000   0.0000000  -7.4588193   0.0000000   0.0000000  -1.6751501   1.6751501
    4  -0.0144738  -0.1768902   0.0000000  -7.4153118   0.0000000  -1.3568683  -1.3568683
    5   0.0000000   0.0000000   0.0000000   0.0000000  -7.3471449   0.0000000   0.0000000
    6  -1.2401023  -2.9067098  -1.6751501  -1.3568683   0.0000000  -4.5401711  -1.0711459
    7  -1.2401023  -2.9067098   1.6751501  -1.3568683   0.0000000  -1.0711459  -4.5401711

S^-1/2 Matrix:
     
           1           2           3           4           5           6           7
    1   1.0236346  -0.1368547   0.0000000  -0.0074873  -0.0000000   0.0190279   0.0190279
    2  -0.1368547   1.1578632  -0.0000000   0.0721601  -0.0000000  -0.2223326  -0.2223326
    3   0.0000000  -0.0000000   1.0733148   0.0000000  -0.0000000  -0.1757583   0.1757583
    4  -0.0074873   0.0721601   0.0000000   1.0383050  -0.0000000  -0.1184626  -0.1184626
    5  -0.0000000  -0.0000000  -0.0000000  -0.0000000   1.0000000   0.0000000  -0.0000000
    6   0.0190279  -0.2223326  -0.1757583  -0.1184626   0.0000000   1.1297234  -0.0625975
    7   0.0190279  -0.2223326   0.1757583  -0.1184626  -0.0000000  -0.0625975   1.1297234

Initial F' Matrix:
     
           1           2           3           4           5           6           7
    1 -57.6694188   0.2804680   0.0000000   0.1401353   0.0000000  -0.4293733  -0.4293733
    2   0.2804680 -16.1382485   0.0000000  -0.2816838   0.0000000  -0.1090576  -0.1090576
    3   0.0000000   0.0000000 -13.3120238  -0.0000000   0.0000000   0.0438576  -0.0438576
    4   0.1401353  -0.2816838  -0.0000000 -13.0974528   0.0000000  -0.0557000  -0.0557000
    5   0.0000000   0.0000000   0.0000000   0.0000000 -12.8575035  -0.0000000   0.0000000
    6  -0.4293733  -0.1090576   0.0438576  -0.0557000  -0.0000000  -7.4076384   0.2785709
    7  -0.4293733  -0.1090576  -0.0438576  -0.0557000   0.0000000   0.2785709  -7.4076384

Initial C Matrix:
     
           1           2           3           4           5           6           7
    1  -1.0247997   0.1295181   0.0000000  -0.0078645  -0.0000000  -0.0000000  -0.0169079
    2   0.1486280  -1.1527219  -0.0000000   0.0382582   0.0000000   0.0000000   0.3333545
    3  -0.0000000  -0.0000000   1.0759894   0.0000000  -0.0000000  -0.2367137   0.0000000
    4   0.0132656  -0.1638241   0.0000000  -1.0253572  -0.0000000   0.0000000   0.1817570
    5   0.0000000  -0.0000000  -0.0000000   0.0000000  -1.0000000  -0.0000000   0.0000000
    6  -0.0299408   0.2183075  -0.1850410   0.0891508  -0.0000000   0.8411096  -0.7594100
    7  -0.0299408   0.2183075   0.1850410   0.0891508   0.0000000  -0.8411096  -0.7594100

Initial Density Matrix:
     
           1           2           3           4           5           6           7
    1   1.0670513  -0.3019132   0.0000000  -0.0267488  -0.0000000   0.0582569   0.0582569
    2  -0.3019132   1.3523218  -0.0000000   0.1515870   0.0000000  -0.2526871  -0.2526871
    3   0.0000000  -0.0000000   1.1577532  -0.0000000  -0.0000000  -0.1991021   0.1991021
    4  -0.0267488   0.1515870  -0.0000000   1.0783716  -0.0000000  -0.1275726  -0.1275726
    5  -0.0000000   0.0000000  -0.0000000  -0.0000000   1.0000000   0.0000000  -0.0000000
    6   0.0582569  -0.2526871  -0.1991021  -0.1275726   0.0000000   0.0907426   0.0222623
    7   0.0582569  -0.2526871   0.1991021  -0.1275726  -0.0000000   0.0222623   0.0907426

 Iter        E(elec)              E(tot)               Delta(E)             RMS(D)
    0    -125.712423771965    -117.710056710155
Fock Matrix:
     
           1           2           3           4           5           6           7
    1 -18.7760266  -4.8658968   0.0000000  -0.0109431   0.0000000  -0.8059637  -0.8059637
    2  -4.8658968  -1.7646822  -0.0000000  -0.1736727  -0.0000000  -0.5411196  -0.5411196
    3   0.0000000  -0.0000000   0.2125947  -0.0000000  -0.0000000  -0.1509594   0.1509594
    4  -0.0109431  -0.1736727  -0.0000000   0.2517817   0.0000000  -0.1700354  -0.1700354
    5   0.0000000  -0.0000000  -0.0000000   0.0000000   0.3181124  -0.0000000   0.0000000
    6  -0.8059637  -0.5411196  -0.1509594  -0.1700354  -0.0000000  -0.1192230  -0.1696121
    7  -0.8059637  -0.5411196   0.1509594  -0.1700354   0.0000000  -0.1696121  -0.1192230

    1     -78.008965291237     -70.006598229426       0.000000000000       0.000000000000
    2     -84.230715359900     -76.228348298090      47.703458480729       1.940830201710
    3     -82.657634284733     -74.655267222923      -6.221750068663       0.596840811943
    4     -82.998320604164     -74.995953542353       1.573081075167       0.112399632000
    5     -82.936433057100     -74.934065995290      -0.340686319430       0.041689243997
    6     -82.946817514956     -74.944450453146       0.061887547064       0.014841185772
    7     -82.944520439894     -74.942153378084      -0.010384457856       0.007215669713
    8     -82.944676866599     -74.942309804788       0.002297075062       0.003355933664
    9     -82.944525263308     -74.942158201498      -0.000156426705       0.001619637640
   10     -82.944490797662     -74.942123735852       0.000151603290       0.000776894172
   11     -82.944467146658     -74.942100084848       0.000034465646       0.000374587768
   12     -82.944456905005     -74.942089843195       0.000023651004       0.000180529842
   13     -82.944451745125     -74.942084683314       0.000010241653       0.000087080271
   14     -82.944449290419     -74.942082228608       0.000005159881       0.000042005751
   15     -82.944448099142     -74.942081037332       0.000002454706       0.000020266075
   16     -82.944447525368     -74.942080463557       0.000001191276       0.000009777879
   17     -82.944447248297     -74.942080186487       0.000000573775       0.000004717753
   18     -82.944447114638     -74.942080052827       0.000000277070       0.000002276306
   19     -82.944447050139     -74.942079988329       0.000000133659       0.000001098322
   20     -82.944447019019     -74.942079957208       0.000000064499       0.000000529944
   21     -82.944447004003     -74.942079942192       0.000000031120       0.000000255701
   22     -82.944446996757     -74.942079934947       0.000000015016       0.000000123377
   23     -82.944446993262     -74.942079931451       0.000000007245       0.000000059530
   24     -82.944446991575     -74.942079929764       0.000000003496       0.000000028724
   25     -82.944446990761     -74.942079928951       0.000000001687       0.000000013859
   26     -82.944446990368     -74.942079928558       0.000000000814       0.000000006687
   27     -82.944446990179     -74.942079928368       0.000000000393       0.000000003227
   28     -82.944446990087     -74.942079928277       0.000000000189       0.000000001557
   29     -82.944446990043     -74.942079928233       0.000000000092       0.000000000751
   30     -82.944446990022     -74.942079928211       0.000000000044       0.000000000362
   31     -82.944446990012     -74.942079928201       0.000000000021       0.000000000175
   32     -82.944446990007     -74.942079928196       0.000000000010       0.000000000084
   33     -82.944446990004     -74.942079928194       0.000000000005       0.000000000041
   34     -82.944446990003     -74.942079928193       0.000000000003       0.000000000020
   35     -82.944446990003     -74.942079928192       0.000000000001       0.000000000009
   36     -82.944446990002     -74.942079928192       0.000000000001       0.000000000005
   37     -82.944446990002     -74.942079928192       0.000000000000       0.000000000002
   38     -82.944446990002     -74.942079928192       0.000000000000       0.000000000001
   39     -82.944446990002     -74.942079928192       0.000000000000       0.000000000001
Convergence achieved.
     
           1           2           3           4           5           6           7
    1 -20.2628916  -0.0000000  -0.0000000  -0.0000000   0.0000000  -0.0000000   0.0000000
    2  -0.0000000  -1.2096974   0.0000000  -0.0000000  -0.0000000   0.0000000   0.0000000
    3  -0.0000000   0.0000000  -0.5479646  -0.0000000  -0.0000000   0.0000000   0.0000000
    4  -0.0000000  -0.0000000   0.0000000  -0.4365272   0.0000000   0.0000000   0.0000000
    5   0.0000000  -0.0000000  -0.0000000   0.0000000  -0.3875867   0.0000000  -0.0000000
    6  -0.0000000  -0.0000000   0.0000000  -0.0000000   0.0000000   0.4776187  -0.0000000
    7   0.0000000  -0.0000000  -0.0000000  -0.0000000  -0.0000000  -0.0000000   0.5881393

Dipole components (electronic, a.u.):
X:      -0.000000000000
Y:      -0.523769816151
Z:      -0.000000000000
Dipole components (nuclear, a.u.):
X:       0.000000000000
Y:       1.127553120789
Z:       0.000000000000
Dipole components (total, a.u.):
X:      -0.000000000000
Y:       0.603783304638
Z:      -0.000000000000
Dipole moment (a.u.):
electronic:       0.523769816151
nuclear   :       1.127553120789
total     :       0.603783304638
Population analysis (Mulliken):
 Charges:
   1   8      -0.253146052405
   2   1       0.126573026202
   3   1       0.126573026202
7.77156117238e-16
 trace: 4.999999999999999
Population analysis (Loewdin):
 Charges:
   1   8      -0.184234320144
   2   1       0.092117160072
   3   1       0.092117160072
1.11022302463e-15
 trace: 5.0
