Nuclear repulsion energy = 8.00236706181045

Overlap Integrals:
     
           1           2           3           4           5           6           7
    1   1.0000000   0.2367039  -0.0000000  -0.0000000  -0.0000000   0.0384056   0.0384056
    2   0.2367039   1.0000000   0.0000000  -0.0000000   0.0000000   0.3861388   0.3861388
    3  -0.0000000   0.0000000   1.0000000  -0.0000000   0.0000000   0.2684382  -0.2684382
    4  -0.0000000  -0.0000000  -0.0000000   1.0000000  -0.0000000   0.2097269   0.2097269
    5  -0.0000000   0.0000000   0.0000000  -0.0000000   1.0000000  -0.0000000  -0.0000000
    6   0.0384056   0.3861388   0.2684382   0.2097269  -0.0000000   1.0000000   0.1817599
    7   0.0384056   0.3861388  -0.2684382   0.2097269  -0.0000000   0.1817599   1.0000000

Kinetic-Energy Integrals:
     
           1           2           3           4           5           6           7
    1  29.0031999  -0.1680109   0.0000000   0.0000000  -0.0000000  -0.0084164  -0.0084164
    2  -0.1680109   0.8081280   0.0000000  -0.0000000   0.0000000   0.0705174   0.0705174
    3   0.0000000   0.0000000   2.5287312  -0.0000000   0.0000000   0.1470909  -0.1470909
    4   0.0000000  -0.0000000  -0.0000000   2.5287312  -0.0000000   0.1149200   0.1149200
    5  -0.0000000   0.0000000   0.0000000  -0.0000000   2.5287312  -0.0000000  -0.0000000
    6  -0.0084164   0.0705174   0.1470909   0.1149200  -0.0000000   0.7600319  -0.0039799
    7  -0.0084164   0.0705174  -0.1470909   0.1149200  -0.0000000  -0.0039799   0.7600319

Nuclear Attraction Integrals:
     
           1           2           3           4           5           6           7
    1 -61.5805954  -7.4108219   0.0000000  -0.0144738   0.0000000  -1.2316859  -1.2316859
    2  -7.4108219 -10.0090712   0.0000000  -0.1768902   0.0000000  -2.9772272  -2.9772272
    3   0.0000000   0.0000000  -9.9875505   0.0000000  -0.0000000  -1.8222411   1.8222411
    4  -0.0144738  -0.1768902   0.0000000  -9.9440430   0.0000000  -1.4717883  -1.4717883
    5   0.0000000   0.0000000  -0.0000000   0.0000000  -9.8758761   0.0000000   0.0000000
    6  -1.2316859  -2.9772272  -1.8222411  -1.4717883   0.0000000  -5.3002030  -1.0671660
    7  -1.2316859  -2.9772272   1.8222411  -1.4717883   0.0000000  -1.0671660  -5.3002030

Core Hamiltonian:
     
           1           2           3           4           5           6           7
    1 -32.5773954  -7.5788328   0.0000000  -0.0144738   0.0000000  -1.2401023  -1.2401023
    2  -7.5788328  -9.2009433   0.0000000  -0.1768902   0.0000000  -2.9067098  -2.9067098
    3   0.0000000   0.0000000  -7.4588193   0.0000000   0.0000000  -1.6751501   1.6751501
    4  -0.0144738  -0.1768902   0.0000000  -7.4153118   0.0000000  -1.3568683  -1.3568683
    5   0.0000000   0.0000000   0.0000000   0.0000000  -7.3471449   0.0000000   0.0000000
    6  -1.2401023  -2.9067098  -1.6751501  -1.3568683   0.0000000  -4.5401711  -1.0711459
    7  -1.2401023  -2.9067098   1.6751501  -1.3568683   0.0000000  -1.0711459  -4.5401711

S^-1/2 Matrix:
     
           1           2           3           4           5           6           7
    1   1.0236346  -0.1368547   0.0000000  -0.0074873  -0.0000000   0.0190279   0.0190279
    2  -0.1368547   1.1578632  -0.0000000   0.0721601  -0.0000000  -0.2223326  -0.2223326
    3   0.0000000  -0.0000000   1.0733148   0.0000000  -0.0000000  -0.1757583   0.1757583
    4  -0.0074873   0.0721601   0.0000000   1.0383050  -0.0000000  -0.1184626  -0.1184626
    5  -0.0000000  -0.0000000  -0.0000000  -0.0000000   1.0000000   0.0000000  -0.0000000
    6   0.0190279  -0.2223326  -0.1757583  -0.1184626   0.0000000   1.1297234  -0.0625975
    7   0.0190279  -0.2223326   0.1757583  -0.1184626  -0.0000000  -0.0625975   1.1297234

Initial F' Matrix:
     
           1           2           3           4           5           6           7
    1 -32.2545866  -2.7914909   0.0000000   0.0086110   0.0000000  -0.1812967  -0.1812967
    2  -2.7914909  -8.2368891   0.0000000  -0.2282926  -0.0000000  -0.3857987  -0.3857987
    3   0.0000000   0.0000000  -7.5428890  -0.0000000   0.0000000  -0.1132121   0.1132121
    4   0.0086110  -0.2282926  -0.0000000  -7.4570295  -0.0000000  -0.1102196  -0.1102196
    5   0.0000000  -0.0000000   0.0000000  -0.0000000  -7.3471449  -0.0000000   0.0000000
    6  -0.1812967  -0.3857987  -0.1132121  -0.1102196  -0.0000000  -4.0329547  -0.0446466
    7  -0.1812967  -0.3857987   0.1132121  -0.1102196   0.0000000  -0.0446466  -4.0329547

Initial C Matrix:
     
           1           2           3           4           5           6           7
    1  -1.0015436  -0.2336245  -0.0000000   0.0856842  -0.0000000  -0.0482226   0.0000000
    2   0.0071893   1.0579388   0.0000000  -0.3601105   0.0000000   0.4631213  -0.0000000
    3   0.0000000  -0.0000000   1.0610702   0.0000000   0.0000000  -0.0000000  -0.2965071
    4   0.0002671   0.4272843  -0.0000000   0.9399425  -0.0000000   0.2129401  -0.0000000
    5   0.0000000   0.0000000  -0.0000000   0.0000000   1.0000000  -0.0000000  -0.0000000
    6  -0.0018213  -0.1492533  -0.1377210  -0.0378579   0.0000000  -0.7807003   0.8501403
    7  -0.0018213  -0.1492533   0.1377210  -0.0378579  -0.0000000  -0.7807003  -0.8501403

Initial Density Matrix:
     
           1           2           3           4           5           6           7
    1   1.0650117  -0.2852166   0.0000000  -0.0195534  -0.0000000   0.0334496   0.0334496
    2  -0.2852166   1.2489657  -0.0000000   0.1135594   0.0000000  -0.1442809  -0.1442809
    3   0.0000000  -0.0000000   1.1258701  -0.0000000   0.0000000  -0.1461317   0.1461317
    4  -0.0195534   0.1135594  -0.0000000   1.0660638   0.0000000  -0.0993583  -0.0993583
    5  -0.0000000   0.0000000   0.0000000   0.0000000   1.0000000   0.0000000  -0.0000000
    6   0.0334496  -0.1442809  -0.1461317  -0.0993583   0.0000000   0.0426802   0.0047460
    7   0.0334496  -0.1442809   0.1461317  -0.0993583  -0.0000000   0.0047460   0.0426802

 Iter        E(elec)              E(tot)               Delta(E)             RMS(D)
    0    -125.842077437699    -117.839710375888
Fock Matrix:
     
           1           2           3           4           5           6           7
    1 -18.8132695  -4.8726875   0.0000000  -0.0115290   0.0000000  -0.8067323  -0.8067323
    2  -4.8726875  -1.7909029  -0.0000000  -0.1808692   0.0000000  -0.5790557  -0.5790557
    3   0.0000000  -0.0000000   0.1939644   0.0000000  -0.0000000  -0.1708886   0.1708886
    4  -0.0115290  -0.1808692   0.0000000   0.2391247   0.0000000  -0.1828683  -0.1828683
    5   0.0000000   0.0000000  -0.0000000   0.0000000   0.3091071  -0.0000000   0.0000000
    6  -0.8067323  -0.5790557  -0.1708886  -0.1828683  -0.0000000  -0.1450338  -0.1846675
    7  -0.8067323  -0.5790557   0.1708886  -0.1828683   0.0000000  -0.1846675  -0.1450338

    1     -78.286583284740     -70.284216222929       0.000000000000       0.000000000000
    2     -84.048316253436     -76.045949191625      47.555494152959       1.826673084479
    3     -82.716965960854     -74.714598899044      -5.761732968696       0.479570364860
    4     -82.987140757002     -74.984773695191       1.331350292581       0.086831688906
    5     -82.938133187513     -74.935766125703      -0.270174796147       0.031026136359
    6     -82.946271078699     -74.943904016889       0.049007569488       0.010799283179
    7     -82.944486784914     -74.942119723104      -0.008137891186       0.005254826831
    8     -82.944617252243     -74.942250190433       0.001784293785       0.002438579642
    9     -82.944503500703     -74.942136438892      -0.000130467329       0.001177279531
   10     -82.944478930626     -74.942111868815       0.000113751541       0.000564543180
   11     -82.944461627685     -74.942094565874       0.000024570077       0.000272204992
   12     -82.944454198375     -74.942087136565       0.000017302941       0.000131180309
   13     -82.944450445051     -74.942083383241       0.000007429310       0.000063275666
   14     -82.944448661686     -74.942081599875       0.000003753324       0.000030522547
   15     -82.944447795931     -74.942080734120       0.000001783365       0.000014725847
   16     -82.944447379017     -74.942080317206       0.000000865755       0.000007104836
   17     -82.944447177685     -74.942080115875       0.000000416914       0.000003428026
   18     -82.944447080565     -74.942080018755       0.000000201331       0.000001654014
   19     -82.944447033699     -74.942079971889       0.000000097120       0.000000798065
   20     -82.944447011086     -74.942079949276       0.000000046866       0.000000385069
   21     -82.944447000175     -74.942079938365       0.000000022613       0.000000185798
   22     -82.944446994911     -74.942079933100       0.000000010911       0.000000089648
   23     -82.944446992371     -74.942079930560       0.000000005265       0.000000043256
   24     -82.944446991145     -74.942079929334       0.000000002540       0.000000020871
   25     -82.944446990554     -74.942079928743       0.000000001226       0.000000010070
   26     -82.944446990268     -74.942079928458       0.000000000591       0.000000004859
   27     -82.944446990130     -74.942079928320       0.000000000285       0.000000002345
   28     -82.944446990064     -74.942079928254       0.000000000138       0.000000001131
   29     -82.944446990032     -74.942079928222       0.000000000066       0.000000000546
   30     -82.944446990017     -74.942079928206       0.000000000032       0.000000000263
   31     -82.944446990009     -74.942079928199       0.000000000015       0.000000000127
   32     -82.944446990005     -74.942079928195       0.000000000007       0.000000000061
   33     -82.944446990004     -74.942079928193       0.000000000004       0.000000000030
   34     -82.944446990003     -74.942079928192       0.000000000002       0.000000000014
   35     -82.944446990002     -74.942079928192       0.000000000001       0.000000000007
   36     -82.944446990002     -74.942079928192       0.000000000000       0.000000000003
   37     -82.944446990002     -74.942079928192       0.000000000000       0.000000000002
   38     -82.944446990002     -74.942079928192       0.000000000000       0.000000000001
   39     -82.944446990002     -74.942079928192       0.000000000000       0.000000000000
   40     -82.944446990002     -74.942079928192       0.000000000000       0.000000000000
Convergence achieved.
     
           1           2           3           4           5           6           7
    1 -20.2628916  -0.0000000  -0.0000000  -0.0000000   0.0000000  -0.0000000   0.0000000
    2  -0.0000000  -1.2096974   0.0000000  -0.0000000  -0.0000000  -0.0000000  -0.0000000
    3   0.0000000   0.0000000  -0.5479646   0.0000000   0.0000000   0.0000000   0.0000000
    4  -0.0000000  -0.0000000   0.0000000  -0.4365272   0.0000000  -0.0000000  -0.0000000
    5   0.0000000  -0.0000000   0.0000000   0.0000000  -0.3875867   0.0000000  -0.0000000
    6  -0.0000000  -0.0000000   0.0000000   0.0000000   0.0000000   0.4776187  -0.0000000
    7  -0.0000000   0.0000000  -0.0000000   0.0000000  -0.0000000   0.0000000   0.5881393

Dipole components (electronic, a.u.):
X:      -0.000000000000
Y:      -0.523769816151
Z:      -0.000000000000
Dipole components (nuclear, a.u.):
X:       0.000000000000
Y:       1.127553120789
Z:       0.000000000000
Dipole components (total, a.u.):
X:      -0.000000000000
Y:       0.603783304638
Z:      -0.000000000000
Dipole moment (a.u.):
electronic:       0.523769816151
nuclear   :       1.127553120789
total     :       0.603783304638
Population analysis (Mulliken):
 Charges:
   1   8      -0.253146052405
   2   1       0.126573026203
   3   1       0.126573026203
6.66133814775e-16
 trace: 5.0
Population analysis (Loewdin):
 Charges:
   1   8      -0.184234320144
   2   1       0.092117160072
   3   1       0.092117160072
1.33226762955e-15
 trace: 4.999999999999999
